<?xml version="1.0" encoding="utf-8"?><testsuites><testsuite name="pytest" errors="0" failures="0" skipped="0" tests="11" time="0.979" timestamp="2026-09-12T13:19:26.188191" hostname="DESKTOP-324FS3B"><testcase classname="tests.unit.test_account_controller.TestCreateAccount" name="test_creates_account_successfully" time="0.018" /><testcase classname="tests.unit.test_account_controller.TestCreateAccount" name="test_uses_zero_balance_when_no_deposit" time="0.004" /><testcase classname="tests.unit.test_account_controller.TestGetAccountById" name="test_returns_account_when_found" time="0.028" /><testcase classname="tests.unit.test_account_controller.TestGetAccountById" name="test_raises_404_when_account_not_found" time="0.007" /><testcase classname="tests.unit.test_account_controller.TestGetAccountById" name="test_raises_404_when_account_belongs_to_other_user" time="0.005" /><testcase classname="tests.unit.test_account_controller.TestGetBalance" name="test_returns_balance_when_found" time="0.005" /><testcase classname="tests.unit.test_account_controller.TestGetBalance" name="test_raises_404_when_balance_not_found" time="0.005" /><testcase classname="tests.unit.test_account_controller.TestGetAllAccounts" name="test_returns_list_of_user_accounts" time="0.004" /><testcase classname="tests.unit.test_account_controller.TestGetAllAccounts" name="test_returns_empty_list_when_no_accounts" time="0.004" /><testcase classname="tests.unit.test_account_controller.TestGenerateAccountNumber" name="test_produces_10_digit_string" time="0.001" /><testcase classname="tests.unit.test_account_controller.TestGenerateAccountNumber" name="test_generates_different_numbers" time="0.001" /></testsuite></testsuites>